2025-07-15 13:53:37,834 - archive_processor - INFO - ログファイル: logs\archive_20250715_135337.log
2025-07-15 13:53:37,835 - archive_processor - INFO - アーカイブ処理開始 - Request ID: REQ-2025-001
2025-07-15 13:53:37,836 - archive_processor - INFO - CSVファイルの読み込み開始: test_directories.csv
2025-07-15 13:53:37,846 - archive_processor - INFO - 読み込み行数: 2
2025-07-15 13:53:37,847 - archive_processor - INFO - 行 1: ヘッダー行をスキップ
2025-07-15 13:53:37,847 - archive_processor - INFO - 行 2: パス検証中 - \\amznfsxbeak7dyp.priv-req-gl01.fujifilm-intra.com... (全長: 65文字)
2025-07-15 13:53:37,851 - archive_processor - INFO - 行 2: 有効なパス追加 ✓
2025-07-15 13:53:37,854 - archive_processor - INFO - CSV読み込み完了
2025-07-15 13:53:37,855 - archive_processor - INFO -   - 有効ディレクトリ数: 1
2025-07-15 13:53:37,855 - archive_processor - INFO -   - エラー項目数: 0
2025-07-15 13:53:37,856 - archive_processor - INFO - ファイル収集開始
2025-07-15 13:53:37,856 - archive_processor - INFO - ディレクトリ処理開始: \\amznfsxbeak7dyp.priv-req-gl01.fujifilm-intra.com...
2025-07-15 13:53:37,859 - archive_processor - INFO - ディレクトリ \\amznfsxbeak7dyp.priv-req-gl01.fujifilm-intra.com...: 2個のファイルを収集
2025-07-15 13:53:37,860 - archive_processor - INFO - ファイル収集完了 - 総ファイル数: 2
2025-07-15 13:53:37,860 - archive_processor - INFO - S3アップロード開始
2025-07-15 13:53:38,724 - archive_processor - INFO - S3バケット名: 's3-rdfs-qa-fsgw-002-891612560424'
2025-07-15 13:53:38,725 - archive_processor - INFO - VPCエンドポイント経由で接続: https://bucket.vpce-0ba0c51973d7b36a1-uqz5v666.s3.ap-northeast-1.vpce.amazonaws.com
2025-07-15 13:53:39,562 - archive_processor - INFO - S3バケット接続確認OK: 's3-rdfs-qa-fsgw-002-891612560424'
2025-07-15 13:53:39,562 - archive_processor - INFO - ストレージクラス 'DEEP_ARCHIVE' を使用
2025-07-15 13:53:39,565 - archive_processor - INFO - S3バケット: s3-rdfs-qa-fsgw-002-891612560424
2025-07-15 13:53:39,565 - archive_processor - INFO - ストレージクラス: DEEP_ARCHIVE
2025-07-15 13:53:39,566 - archive_processor - INFO - 処理対象ファイル数: 2
2025-07-15 13:53:39,566 - archive_processor - INFO - [1/2] アップロード中: \\amznfsxbeak7dyp.priv-req-gl01.fujifilm-intra.com\share\project1\test.txt (0 bytes)
2025-07-15 13:53:39,611 - archive_processor - INFO - ✓ アップロード成功: archive/share/project1/test.txt
2025-07-15 13:53:39,612 - archive_processor - INFO - [2/2] アップロード中: \\amznfsxbeak7dyp.priv-req-gl01.fujifilm-intra.com\share\project1\山田太郎}.txt (0 bytes)
2025-07-15 13:53:39,667 - archive_processor - INFO - ✓ アップロード成功: archive/share/project1/山田太郎}.txt
2025-07-15 13:53:39,667 - archive_processor - INFO - S3アップロード完了
2025-07-15 13:53:39,670 - archive_processor - INFO -   - 成功: 2件
2025-07-15 13:53:39,671 - archive_processor - INFO -   - 失敗: 0件
2025-07-15 13:53:39,674 - archive_processor - INFO - アーカイブ後処理開始
2025-07-15 13:53:39,674 - archive_processor - INFO - アーカイブ後処理完了
2025-07-15 13:53:39,675 - archive_processor - INFO - データベース登録開始
2025-07-15 13:53:39,675 - archive_processor - INFO - データベース登録完了
2025-07-15 13:53:39,676 - archive_processor - INFO - アーカイブ処理完了
2025-07-15 13:53:39,676 - archive_processor - INFO - === 処理統計 ===
2025-07-15 13:53:39,676 - archive_processor - INFO - 処理時間: 0:00:01.841366
2025-07-15 13:53:39,677 - archive_processor - INFO - CSV検証エラー数: 0
2025-07-15 13:53:39,677 - archive_processor - INFO - 総ファイル数: 2
2025-07-15 13:53:39,678 - archive_processor - INFO - 成功ファイル数: 2
2025-07-15 13:53:39,678 - archive_processor - INFO - 失敗ファイル数: 0
2025-07-15 13:53:39,678 - archive_processor - INFO - 総ファイルサイズ: 0 bytes
