2025-09-08 10:34:01,071 - restore_processor - INFO - ログファイル: logs\restore_20250908_103401.log
2025-09-08 10:34:01,072 - restore_processor - INFO - 復元処理開始 - Request ID: 000002, Mode: request
2025-09-08 10:34:01,074 - restore_processor - INFO - === 復元リクエスト送信モード ===
2025-09-08 10:34:01,074 - restore_processor - INFO - 復元依頼CSV読み込み開始: restore_requests.csv
2025-09-08 10:34:01,076 - restore_processor - INFO - 読み込み行数: 2
2025-09-08 10:34:01,076 - restore_processor - INFO - 行 1: ヘッダー行をスキップ
2025-09-08 10:34:01,080 - restore_processor - INFO - 行 2: 有効な復元依頼追加 (directoryモード) ✓
2025-09-08 10:34:01,080 - restore_processor - INFO - CSV読み込み完了
2025-09-08 10:34:01,080 - restore_processor - INFO -   - 有効な復元依頼数: 1
2025-09-08 10:34:01,081 - restore_processor - INFO -     - ディレクトリ復元: 1件
2025-09-08 10:34:01,081 - restore_processor - INFO -     - ファイル復元: 0件
2025-09-08 10:34:01,082 - restore_processor - INFO -   - エラー項目数: 0
2025-09-08 10:34:01,088 - restore_processor - INFO - データベースからファイル検索開始
2025-09-08 10:34:01,120 - restore_processor - INFO - データベース接続: localhost:5432/archive_system
2025-09-08 10:34:01,183 - restore_processor - INFO - データベース接続成功
2025-09-08 10:34:01,184 - restore_processor - INFO - 検索開始: \\amznfsxbeak7dyp.priv-req-gl01.fujifilm-intra.com\test\test_dir_02\ (directoryモード)
2025-09-08 10:34:01,186 - restore_processor - INFO - 生成された検索パターン数: 3
2025-09-08 10:34:01,186 - restore_processor - INFO - 検索パターン 1: \\\\amznfsxbeak7dyp.priv-req-gl01.fujifilm-intra.com\\test\\test_dir_02\\%
2025-09-08 10:34:01,191 - restore_processor - INFO - パターン 1 結果: 20件
2025-09-08 10:34:01,191 - restore_processor - INFO - ✓ パターン '\\\\amznfsxbeak7dyp.priv-req-gl01.fujifilm-intra.com\\test\\test_dir_02\\%' で 20件発見
2025-09-08 10:34:01,191 - restore_processor - INFO -   発見 1: \\amznfsxbeak7dyp.priv-req-gl01.fujifilm-intra.com\test\test_dir_02\test_0000_100MB_155630.dat
2025-09-08 10:34:01,192 - restore_processor - INFO -   発見 2: \\amznfsxbeak7dyp.priv-req-gl01.fujifilm-intra.com\test\test_dir_02\test_0001_10MB_155647.dat
2025-09-08 10:34:01,192 - restore_processor - INFO -   発見 3: \\amznfsxbeak7dyp.priv-req-gl01.fujifilm-intra.com\test\test_dir_02\test_0002_1MB_155649.dat
2025-09-08 10:34:01,193 - restore_processor - INFO -   ... 他 17件
2025-09-08 10:34:01,193 - restore_processor - INFO - 重複除去後: 20件
2025-09-08 10:34:01,194 - restore_processor - INFO - ✓ ファイル検索完了: \\amznfsxbeak7dyp.priv-req-gl01.fujifilm-intra.com\test\test_dir_02\ -> 20件
2025-09-08 10:34:01,200 - restore_processor - INFO -   検出ファイル 1: \\amznfsxbeak7dyp.priv-req-gl01.fujifilm-intra.com\test\test_dir_02\test_0000_100MB_155630.dat
2025-09-08 10:34:01,201 - restore_processor - INFO -   検出ファイル 2: \\amznfsxbeak7dyp.priv-req-gl01.fujifilm-intra.com\test\test_dir_02\test_0001_10MB_155647.dat
2025-09-08 10:34:01,201 - restore_processor - INFO -   検出ファイル 3: \\amznfsxbeak7dyp.priv-req-gl01.fujifilm-intra.com\test\test_dir_02\test_0002_1MB_155649.dat
2025-09-08 10:34:01,201 - restore_processor - INFO -   ... 他 17件
2025-09-08 10:34:01,202 - restore_processor - INFO - データベースファイル検索完了
2025-09-08 10:34:01,202 - restore_processor - INFO -   - 総検出ファイル数: 20件
2025-09-08 10:34:01,203 - restore_processor - INFO - S3復元リクエスト送信開始
2025-09-08 10:34:01,528 - restore_processor - INFO - VPCエンドポイント経由で接続: https://bucket.vpce-0ba0c51973d7b36a1-uqz5v666.s3.ap-northeast-1.vpce.amazonaws.com
2025-09-08 10:34:01,814 - restore_processor - INFO - S3クライアント初期化成功
2025-09-08 10:34:01,815 - restore_processor - INFO - S3復元リクエスト送信
2025-09-08 10:34:01,817 - restore_processor - INFO - 復元ティア: Standard
2025-09-08 10:34:01,817 - restore_processor - INFO - 復元リクエスト処理中: \\amznfsxbeak7dyp.priv-req-gl01.fujifilm-intra.com\test\test_dir_02\ (20件)
2025-09-08 10:34:06,785 - restore_processor - INFO - S3復元リクエスト送信完了
2025-09-08 10:34:06,785 - restore_processor - INFO -   - 成功: 20件
2025-09-08 10:34:06,788 - restore_processor - INFO -   - 失敗: 0件
2025-09-08 10:34:06,792 - restore_processor - INFO - 復元ステータス保存: logs\restore_status_000002.json
2025-09-08 10:34:06,792 - restore_processor - INFO - 復元リクエスト送信完了 - 20件
2025-09-08 10:34:06,793 - restore_processor - INFO - 48時間後にダウンロード処理を実行してください:
2025-09-08 10:34:06,793 - restore_processor - INFO - python restore_script_main.py restore_requests.csv 000002 --download-only
2025-09-08 10:34:06,794 - restore_processor - INFO - === 復元処理統計 ===
2025-09-08 10:34:06,794 - restore_processor - INFO - 処理時間: 0:00:05.722032
2025-09-08 10:34:06,795 - restore_processor - INFO - CSV検証エラー数: 0
2025-09-08 10:34:06,795 - restore_processor - INFO - 総復元依頼数: 1
2025-09-08 10:34:06,796 - restore_processor - INFO -   - ディレクトリ復元: 1件
2025-09-08 10:34:06,796 - restore_processor - INFO -   - ファイル復元: 0件
2025-09-08 10:34:06,802 - restore_processor - INFO - 検出ファイル数: 20
2025-09-08 10:34:06,802 - restore_processor - INFO - 復元リクエスト送信数: 20
2025-09-08 10:34:06,803 - restore_processor - INFO - 復元完了数: 0
2025-09-08 10:34:06,803 - restore_processor - INFO - 失敗数: 0
